<?xml version="1.0" encoding="UTF-8"?>
<!-- Generated by org.testng.reporters.JUnitReportReporter -->
<testsuite hostname="DESKTOP-5TSVV6M" failures="0" tests="1" name="Requests.PathAndQueryParameters" time="3.571" errors="0" timestamp="2025-10-05T23:03:25 PKT" skipped="0">
  <testcase classname="Requests.PathAndQueryParameters" name="TestQueryandPathParameteres" time="3.571"/>
</testsuite> <!-- Requests.PathAndQueryParameters -->
