<?xml version="1.0" encoding="UTF-8"?>
<!-- Generated by org.testng.reporters.JUnitReportReporter -->
<testsuite hostname="DESKTOP-5TSVV6M" failures="0" tests="1" name="Requests.ParsingJsonResponse" time="2.836" errors="0" timestamp="2025-10-17T22:35:08 PKT" skipped="0">
  <testcase classname="Requests.ParsingJsonResponse" name="TestJsonResponseSingleBodyData" time="2.836"/>
</testsuite> <!-- Requests.ParsingJsonResponse -->
