<?xml version="1.0" encoding="UTF-8"?>
<!-- Generated by org.testng.reporters.JUnitReportReporter -->
<testsuite hostname="DESKTOP-5TSVV6M" failures="0" tests="1" name="Requests.Headers" time="3.049" errors="0" timestamp="2025-10-11T23:15:12 PKT" skipped="0">
  <testcase classname="Requests.Headers" name="TestHeaders" time="3.049"/>
</testsuite> <!-- Requests.Headers -->
