<?xml version="1.0" encoding="UTF-8"?>
<!-- Generated by org.testng.reporters.JUnitReportReporter -->
<testsuite hostname="DESKTOP-5TSVV6M" failures="0" tests="1" name="Requests.Logging" time="2.909" errors="0" timestamp="2025-10-12T00:04:19 PKT" skipped="0">
  <testcase classname="Requests.Logging" name="Testlogs" time="2.909"/>
</testsuite> <!-- Requests.Logging -->
