<?xml version="1.0" encoding="UTF-8"?>
<!-- Generated by org.testng.reporters.JUnitReportReporter -->
<testsuite hostname="DESKTOP-5TSVV6M" failures="0" tests="1" name="Requests.Headers" time="3.180" errors="0" timestamp="2025-10-11T02:24:44 PKT" skipped="0">
  <testcase classname="Requests.Headers" name="TestHeader" time="3.180"/>
</testsuite> <!-- Requests.Headers -->
