<?xml version="1.0" encoding="UTF-8"?>
<!-- Generated by org.testng.reporters.JUnitReportReporter -->
<testsuite hostname="DESKTOP-5TSVV6M" failures="0" tests="2" name="Requests.Cookies" time="4.394" errors="0" timestamp="2025-10-07T22:09:22 PKT" skipped="0">
  <testcase classname="Requests.Cookies" name="TestCookies" time="3.575"/>
  <testcase classname="Requests.Cookies" name="getCookieInfo" time="0.819"/>
</testsuite> <!-- Requests.Cookies -->
