<?xml version="1.0" encoding="UTF-8"?>
<!-- Generated by org.testng.reporters.JUnitReportReporter -->
<testsuite hostname="DESKTOP-5TSVV6M" failures="0" tests="1" name="Requests.Cookies" time="3.514" errors="0" timestamp="2025-10-10T22:56:34 PKT" skipped="0">
  <testcase classname="Requests.Cookies" name="getAllCookiesInfo" time="3.514"/>
</testsuite> <!-- Requests.Cookies -->
