<?xml version="1.0" encoding="UTF-8"?>
<!-- Generated by org.testng.reporters.JUnitReportReporter -->
<testsuite hostname="DESKTOP-5TSVV6M" failures="0" tests="1" name="Requests.HTTPRequests" time="3.346" errors="0" timestamp="2025-09-25T12:22:34 PKT" skipped="0">
  <testcase classname="Requests.HTTPRequests" name="getusers" time="3.346"/>
</testsuite> <!-- Requests.HTTPRequests -->
