<?xml version="1.0" encoding="UTF-8"?>
<!-- Generated by org.testng.reporters.JUnitReportReporter -->
<testsuite hostname="DESKTOP-5TSVV6M" failures="0" tests="1" name="Requests.HeadersInfo" time="3.085" errors="0" timestamp="2025-10-11T23:31:55 PKT" skipped="0">
  <testcase classname="Requests.HeadersInfo" name="GetHeaders" time="3.085"/>
</testsuite> <!-- Requests.HeadersInfo -->
