<?xml version="1.0" encoding="UTF-8"?>
<!-- Generated by org.testng.reporters.JUnitReportReporter -->
<testsuite hostname="DESKTOP-5TSVV6M" failures="0" tests="1" name="Requests.ParsingJsonResponse" time="3.027" errors="0" timestamp="2025-10-17T18:41:06 PKT" skipped="0">
  <testcase classname="Requests.ParsingJsonResponse" name="TestJsonResponseBodyData" time="3.027"/>
</testsuite> <!-- Requests.ParsingJsonResponse -->
